<?xml version="1.0" encoding="UTF-8"?>
<coverage generated="1654465615903" clover="3.2.0">
  <project timestamp="1654465615903" name="All files">
    <metrics statements="6" coveredstatements="5" conditionals="0" coveredconditionals="0" methods="3" coveredmethods="2" elements="9" coveredelements="7" complexity="0" loc="6" ncloc="6" packages="2" files="2" classes="2"/>
    <package name="project">
      <metrics statements="4" coveredstatements="3" conditionals="0" coveredconditionals="0" methods="2" coveredmethods="1"/>
      <file name="HelperFunctions.js" path="C:\Users\Peace\Desktop\YOS3\SEMESTER 1\Software Design III\2022\Software Design Project\SPS-Project\DFMPC-Student-Placement-System\project\HelperFunctions.js">
        <metrics statements="4" coveredstatements="3" conditionals="0" coveredconditionals="0" methods="2" coveredmethods="1"/>
        <line num="1" count="1" type="stmt"/>
        <line num="2" count="0" type="stmt"/>
        <line num="5" count="1" type="stmt"/>
        <line num="6" count="1" type="stmt"/>
      </file>
    </package>
    <package name="project.Screens">
      <metrics statements="2" coveredstatements="2" conditionals="0" coveredconditionals="0" methods="1" coveredmethods="1"/>
      <file name="dash.js" path="C:\Users\Peace\Desktop\YOS3\SEMESTER 1\Software Design III\2022\Software Design Project\SPS-Project\DFMPC-Student-Placement-System\project\Screens\dash.js">
        <metrics statements="2" coveredstatements="2" conditionals="0" coveredconditionals="0" methods="1" coveredmethods="1"/>
        <line num="2" count="1" type="stmt"/>
        <line num="5" count="1" type="stmt"/>
      </file>
    </package>
  </project>
</coverage>
