<?xml version="1.0" encoding="UTF-8"?>
<coverage generated="1652228537259" clover="3.2.0">
  <project timestamp="1652228537259" name="All files">
    <metrics statements="4" coveredstatements="4" conditionals="2" coveredconditionals="2" methods="1" coveredmethods="1" elements="7" coveredelements="7" complexity="0" loc="4" ncloc="4" packages="1" files="1" classes="1"/>
    <file name="world.js" path="C:\Users\Peace\Desktop\YOS3\SEMESTER 1\Software Design III\2022\Software Design Project\SPS-Project\DFMPC-Student-Placement-System\project\test\world.js">
      <metrics statements="4" coveredstatements="4" conditionals="2" coveredconditionals="2" methods="1" coveredmethods="1"/>
      <line num="2" count="2" type="cond" truecount="2" falsecount="0"/>
      <line num="3" count="1" type="stmt"/>
      <line num="5" count="1" type="stmt"/>
      <line num="9" count="1" type="stmt"/>
    </file>
  </project>
</coverage>
