{"total": {"lines":{"total":60,"covered":35,"skipped":0,"pct":58.33},"statements":{"total":60,"covered":35,"skipped":0,"pct":58.33},"functions":{"total":14,"covered":6,"skipped":0,"pct":42.85},"branches":{"total":2,"covered":0,"skipped":0,"pct":0},"branchesTrue":{"total":0,"covered":0,"skipped":0,"pct":100}}
,"C:\\Users\\nokno\\OneDrive\\Documents\\GitHub\\DFMPC-Student-Placement-System\\firebase.js": {"lines":{"total":4,"covered":4,"skipped":0,"pct":100},"functions":{"total":0,"covered":0,"skipped":0,"pct":100},"statements":{"total":4,"covered":4,"skipped":0,"pct":100},"branches":{"total":0,"covered":0,"skipped":0,"pct":100}}
,"C:\\Users\\nokno\\OneDrive\\Documents\\GitHub\\DFMPC-Student-Placement-System\\functions.js": {"lines":{"total":13,"covered":13,"skipped":0,"pct":100},"functions":{"total":4,"covered":4,"skipped":0,"pct":100},"statements":{"total":13,"covered":13,"skipped":0,"pct":100},"branches":{"total":0,"covered":0,"skipped":0,"pct":100}}
,"C:\\Users\\nokno\\OneDrive\\Documents\\GitHub\\DFMPC-Student-Placement-System\\Screens\\LoginMicrosoft.js": {"lines":{"total":21,"covered":1,"skipped":0,"pct":4.76},"functions":{"total":6,"covered":1,"skipped":0,"pct":16.66},"statements":{"total":21,"covered":1,"skipped":0,"pct":4.76},"branches":{"total":2,"covered":0,"skipped":0,"pct":0}}
,"C:\\Users\\nokno\\OneDrive\\Documents\\GitHub\\DFMPC-Student-Placement-System\\Screens\\RetrieveSchedules.js": {"lines":{"total":5,"covered":0,"skipped":0,"pct":0},"functions":{"total":3,"covered":0,"skipped":0,"pct":0},"statements":{"total":5,"covered":0,"skipped":0,"pct":0},"branches":{"total":0,"covered":0,"skipped":0,"pct":100}}
,"C:\\Users\\nokno\\OneDrive\\Documents\\GitHub\\DFMPC-Student-Placement-System\\Screens\\dash.js": {"lines":{"total":2,"covered":2,"skipped":0,"pct":100},"functions":{"total":1,"covered":1,"skipped":0,"pct":100},"statements":{"total":2,"covered":2,"skipped":0,"pct":100},"branches":{"total":0,"covered":0,"skipped":0,"pct":100}}
,"C:\\Users\\nokno\\OneDrive\\Documents\\GitHub\\DFMPC-Student-Placement-System\\Screens\\global.js": {"lines":{"total":15,"covered":15,"skipped":0,"pct":100},"functions":{"total":0,"covered":0,"skipped":0,"pct":100},"statements":{"total":15,"covered":15,"skipped":0,"pct":100},"branches":{"total":0,"covered":0,"skipped":0,"pct":100}}
}
