{"C:\\Users\\Peace\\Desktop\\YOS3\\SEMESTER 1\\Software Design III\\2022\\Software Design Project\\SPS-Project\\DFMPC-Student-Placement-System\\project\\Screens\\peace.js": {"path":"C:\\Users\\Peace\\Desktop\\YOS3\\SEMESTER 1\\Software Design III\\2022\\Software Design Project\\SPS-Project\\DFMPC-Student-Placement-System\\project\\Screens\\peace.js","statementMap":{"0":{"start":{"line":2,"column":4},"end":{"line":2,"column":15}},"1":{"start":{"line":5,"column":0},"end":{"line":5,"column":21}}},"fnMap":{"0":{"name":"sum","decl":{"start":{"line":1,"column":9},"end":{"line":1,"column":12}},"loc":{"start":{"line":1,"column":17},"end":{"line":3,"column":1}},"line":1}},"branchMap":{},"s":{"0":1,"1":1},"f":{"0":1},"b":{},"_coverageSchema":"1a1c01bbd47fc00a2c39e90264f33305004495a9","hash":"67d7fbf8631933e6bc86ddabc6ef3caa7e06a9f4"}
}
