{"total": {"lines":{"total":38,"covered":18,"skipped":0,"pct":47.36},"statements":{"total":38,"covered":18,"skipped":0,"pct":47.36},"functions":{"total":7,"covered":2,"skipped":0,"pct":28.57},"branches":{"total":2,"covered":0,"skipped":0,"pct":0},"branchesTrue":{"total":0,"covered":0,"skipped":0,"pct":100}}
,"C:\\Users\\nokno\\OneDrive\\Documents\\GitHub\\DFMPC-Student-Placement-System\\firebase.js": {"lines":{"total":4,"covered":4,"skipped":0,"pct":100},"functions":{"total":0,"covered":0,"skipped":0,"pct":100},"statements":{"total":4,"covered":4,"skipped":0,"pct":100},"branches":{"total":0,"covered":0,"skipped":0,"pct":100}}
,"C:\\Users\\nokno\\OneDrive\\Documents\\GitHub\\DFMPC-Student-Placement-System\\Screens\\LoginMicrosoft.js": {"lines":{"total":21,"covered":1,"skipped":0,"pct":4.76},"functions":{"total":6,"covered":1,"skipped":0,"pct":16.66},"statements":{"total":21,"covered":1,"skipped":0,"pct":4.76},"branches":{"total":2,"covered":0,"skipped":0,"pct":0}}
,"C:\\Users\\nokno\\OneDrive\\Documents\\GitHub\\DFMPC-Student-Placement-System\\Screens\\dash.js": {"lines":{"total":2,"covered":2,"skipped":0,"pct":100},"functions":{"total":1,"covered":1,"skipped":0,"pct":100},"statements":{"total":2,"covered":2,"skipped":0,"pct":100},"branches":{"total":0,"covered":0,"skipped":0,"pct":100}}
,"C:\\Users\\nokno\\OneDrive\\Documents\\GitHub\\DFMPC-Student-Placement-System\\Screens\\global.js": {"lines":{"total":11,"covered":11,"skipped":0,"pct":100},"functions":{"total":0,"covered":0,"skipped":0,"pct":100},"statements":{"total":11,"covered":11,"skipped":0,"pct":100},"branches":{"total":0,"covered":0,"skipped":0,"pct":100}}
}
