{
  "C:\\Users\\Peace\\Desktop\\YOS3\\SEMESTER 1\\Software Design III\\2022\\Software Design Project\\SPS-Project\\DFMPC-Student-Placement-System\\project\\HelperFunctions.js": {
    "path": "C:\\Users\\Peace\\Desktop\\YOS3\\SEMESTER 1\\Software Design III\\2022\\Software Design Project\\SPS-Project\\DFMPC-Student-Placement-System\\project\\HelperFunctions.js",
    "statementMap": {
      "0": {
        "start": { "line": 1, "column": 24 },
        "end": { "line": 3, "column": 5 }
      },
      "1": {
        "start": { "line": 2, "column": 4 },
        "end": { "line": 2, "column": 17 }
      },
      "2": {
        "start": { "line": 5, "column": 29 },
        "end": { "line": 7, "column": 5 }
      },
      "3": {
        "start": { "line": 6, "column": 4 },
        "end": { "line": 6, "column": 32 }
      }
    },
    "fnMap": {
      "0": {
        "name": "(anonymous_0)",
        "decl": {
          "start": { "line": 1, "column": 24 },
          "end": { "line": 1, "column": 25 }
        },
        "loc": {
          "start": { "line": 1, "column": 34 },
          "end": { "line": 3, "column": 5 }
        },
        "line": 1
      },
      "1": {
        "name": "(anonymous_1)",
        "decl": {
          "start": { "line": 5, "column": 29 },
          "end": { "line": 5, "column": 30 }
        },
        "loc": {
          "start": { "line": 5, "column": 41 },
          "end": { "line": 7, "column": 5 }
        },
        "line": 5
      }
    },
    "branchMap": {},
    "s": { "0": 1, "1": 1, "2": 1, "3": 1 },
    "f": { "0": 1, "1": 1 },
    "b": {},
    "_coverageSchema": "1a1c01bbd47fc00a2c39e90264f33305004495a9",
    "hash": "de76ee3b61942ee9c73002fba5586d9efdcbd889"
  },
  "C:\\Users\\Peace\\Desktop\\YOS3\\SEMESTER 1\\Software Design III\\2022\\Software Design Project\\SPS-Project\\DFMPC-Student-Placement-System\\project\\Screens\\dash.js": {
    "path": "C:\\Users\\Peace\\Desktop\\YOS3\\SEMESTER 1\\Software Design III\\2022\\Software Design Project\\SPS-Project\\DFMPC-Student-Placement-System\\project\\Screens\\dash.js",
    "statementMap": {
      "0": {
        "start": { "line": 2, "column": 4 },
        "end": { "line": 2, "column": 15 }
      },
      "1": {
        "start": { "line": 5, "column": 0 },
        "end": { "line": 5, "column": 21 }
      }
    },
    "fnMap": {
      "0": {
        "name": "sum",
        "decl": {
          "start": { "line": 1, "column": 9 },
          "end": { "line": 1, "column": 12 }
        },
        "loc": {
          "start": { "line": 1, "column": 17 },
          "end": { "line": 3, "column": 1 }
        },
        "line": 1
      }
    },
    "branchMap": {},
    "s": { "0": 1, "1": 1 },
    "f": { "0": 1 },
    "b": {},
    "_coverageSchema": "1a1c01bbd47fc00a2c39e90264f33305004495a9",
    "hash": "1cabdd0ef924a61ce0e1218304bc74cc2ef22332"
  }
}
